<?xml version="1.0" encoding="UTF-8"?>
<!-- Generated by org.testng.reporters.JUnitXMLReporter -->
<testsuite ignored="16" hostname="DESKTOP-BCN4IQB" failures="0" tests="14" name="Test" time="9.811" errors="0" timestamp="23 Jul 2023 12:31:33 GMT">
  <testcase classname="tests.GitHubDeleteTest" name="DeleteInValidOwnerValidRepoToken" time="2.134"/>
  <testcase classname="tests.GitHubDeleteTest" name="DeleteValidOwnerInValidRepoNoScopeToken" time="0.494"/>
  <testcase classname="tests.GitHubDeleteTest" name="DeleteValidOwnerInValidRepoNoToken" time="0.471"/>
  <testcase classname="tests.GitHubListOrgReposTest" name="listOrgInvalidOrgName" time="1.573"/>
  <testcase classname="tests.GitHubListOrgReposTest" name="listOrgPerPageReposValid" time="0.631"/>
  <testcase classname="tests.GitHubListOrgReposTest" name="listOrgPrivateRepoNoToken" time="0.661"/>
  <testcase classname="tests.GitHubUpdateTest" name="PatchInValidOwnerValidRepoToken" time="0.496"/>
  <testcase classname="tests.GitHubUpdateTest" name="PatchValidOwnerInValidRepoNoScopeToken" time="0.458"/>
  <testcase classname="tests.GitHubUpdateTest" name="PatchValidOwnerInValidRepoNoToken" time="0.454"/>
  <testcase classname="tests.GitHubPostTest" name="PostInValidOrgNameValidTokenBody" time="0.475"/>
  <testcase classname="tests.GitHubPostTest" name="PostValidOrgNameTokenInvalidBody" time="0.488"/>
  <testcase classname="tests.GitHubPostTest" name="PostValidOrgNameNoTokenInvalidBody" time="0.454"/>
  <testcase classname="tests.GitHubPostTest" name="PostValidOrgNameNoTokenBodyPrivate" time="0.444"/>
  <testcase classname="tests.GitHubPostTest" name="PostInValidOrgNameNoScopeTokenValidBodyPrivate" time="0.457"/>
  <testcase classname="tests.GitHubListOrgReposTest" name="listOrgRepos" time="0.0">
    <ignored/>
  </testcase> <!-- listOrgRepos -->
  <testcase classname="tests.GitHubUpdateTest" name="PatchValidOwnerPrivateRepoToken" time="0.0">
    <ignored/>
  </testcase> <!-- PatchValidOwnerPrivateRepoToken -->
  <testcase classname="tests.GitHubPostTest" name="PostValidOrgNameTokenBodyPrivate" time="0.0">
    <ignored/>
  </testcase> <!-- PostValidOrgNameTokenBodyPrivate -->
  <testcase classname="tests.GitHubDeleteTest" name="DeleteValidOwnerRepoToken" time="0.0">
    <ignored/>
  </testcase> <!-- DeleteValidOwnerRepoToken -->
  <testcase classname="tests.GitHubUpdateTest" name="PatchValidOwnerRepoToken" time="0.0">
    <ignored/>
  </testcase> <!-- PatchValidOwnerRepoToken -->
  <testcase classname="tests.GitHubPostTest" name="PostValidOrgNameTokenBody" time="0.0">
    <ignored/>
  </testcase> <!-- PostValidOrgNameTokenBody -->
  <testcase classname="core.BaseTest" name="@BeforeSuite suitePreCondition" time="0.0">
    <ignored/>
  </testcase> <!-- @BeforeSuite suitePreCondition -->
  <testcase classname="core.BaseTest" name="@BeforeSuite suitePreCondition" time="0.0">
    <ignored/>
  </testcase> <!-- @BeforeSuite suitePreCondition -->
  <testcase classname="core.BaseTest" name="@BeforeSuite suitePreCondition" time="0.0">
    <ignored/>
  </testcase> <!-- @BeforeSuite suitePreCondition -->
  <testcase classname="tests.GitHubPostTest" name="PostValidOrgNameNoTokenBody" time="0.0">
    <ignored/>
  </testcase> <!-- PostValidOrgNameNoTokenBody -->
  <testcase classname="tests.GitHubListOrgReposTest" name="listOrgPrivateWithValidToken" time="0.0">
    <ignored/>
  </testcase> <!-- listOrgPrivateWithValidToken -->
  <testcase classname="tests.GitHubDeleteTest" name="DeleteValidOwnerPrivateRepoToken" time="0.0">
    <ignored/>
  </testcase> <!-- DeleteValidOwnerPrivateRepoToken -->
  <testcase classname="core.BaseTest" name="@AfterSuite suitePostCondition" time="0.0">
    <ignored/>
  </testcase> <!-- @AfterSuite suitePostCondition -->
  <testcase classname="core.BaseTest" name="@AfterSuite suitePostCondition" time="0.0">
    <ignored/>
  </testcase> <!-- @AfterSuite suitePostCondition -->
  <testcase classname="core.BaseTest" name="@AfterSuite suitePostCondition" time="0.0">
    <ignored/>
  </testcase> <!-- @AfterSuite suitePostCondition -->
  <testcase classname="tests.TestAll" name="PostValidOrgNameTokenBody" time="0.0">
    <ignored/>
  </testcase> <!-- PostValidOrgNameTokenBody -->
</testsuite> <!-- Test -->
